     ระบบจัดการข้อมูลการซื้ออาหารและเครื่องดื่ม
------------ โปรดเลือกฟังก์ชันที่ต้องการ ------------
1.อ่านข้อมูลการซื้อ
2.บันทึกข้อมูลการซื้อ (สร้างไฟล์ใหม่)
3.เพิ่มข้อมูลการซื้อ (ในไฟล์ที่มีอยู่)
4.ค้นหาข้อมูลการซื้อ
5.อัพเดตข้อมูลการซื้อ
6.ลบข้อมูลการซื้อ
7.ออกจากโปรแกรม
8.Unit Test
9.End-to-End Test
เลือกฟังก์ชันโดยตัวเลข 1-9 : --------------------------------------------
โปรดระบุชื่อไฟล์ที่ต้องการสร้าง (ไม่ต้องใส่นามสกุล .csv) : สร้างไฟล์ e2e_test.csv สำเร็จ
ใส่ชื่อรายการที่ 1 : ใส่จำนวน: ใส่ราคา: ประเภท
1.Food
2.Drink
โปรดเลือกด้วตามหัวข้อ : 
ต้องการเพิ่มรายการต่อไปหรือไม่ (1 = ใช่, 0 = ไม่ใช่): --------------------------------------------
ใส่ชื่อรายการที่ 2 : ใส่จำนวน: ใส่ราคา: ประเภท
1.Food
2.Drink
โปรดเลือกด้วตามหัวข้อ : 
ต้องการเพิ่มรายการต่อไปหรือไม่ (1 = ใช่, 0 = ไม่ใช่): --------------------------------------------
--------------------------------------------

กด Enter เพื่อกลับไปที่เมนูหลัก...

     ระบบจัดการข้อมูลการซื้ออาหารและเครื่องดื่ม
------------ โปรดเลือกฟังก์ชันที่ต้องการ ------------
1.อ่านข้อมูลการซื้อ
2.บันทึกข้อมูลการซื้อ (สร้างไฟล์ใหม่)
3.เพิ่มข้อมูลการซื้อ (ในไฟล์ที่มีอยู่)
4.ค้นหาข้อมูลการซื้อ
5.อัพเดตข้อมูลการซื้อ
6.ลบข้อมูลการซื้อ
7.ออกจากโปรแกรม
8.Unit Test
9.End-to-End Test
เลือกฟังก์ชันโดยตัวเลข 1-9 : --------------------------------------------
โปรดเลือกไฟล์ที่ต้องการ
1.e2e_test.csv
2.Food-and-Drink-sale-data-management.csv
--------------------------------------------
เลือกโดยใช้ตัวเลขตามหัวข้อ : OrderID                        ProductName                    Quantity                       Price                          Type                           
===========================================================================================================================================================
|0001                          |Coffee                        |10                            |45                            |Drink                         |
|0002                          |Latte                         |5                             |60                            |Drink                         |
===========================================================================================================================================================
โปรดระบุ ID ของรายการที่ต้องการแก้ไข: 
------------ กำลังแก้ไข้ ID : 1 ------------
ใส่ชื่อรายการใหม่ : ใส่จำนวนใหม่ : ใส่ราคาใหม่ : ประเภท
1.Food
2.Drink
โปรดเลือกด้วตามหัวข้อ : --------------------------------------------
อัปเดตข้อมูล ID : 1 เรียบร้อย
--------------------------------------------
--------------------------------------------

กด Enter เพื่อกลับไปที่เมนูหลัก...

     ระบบจัดการข้อมูลการซื้ออาหารและเครื่องดื่ม
------------ โปรดเลือกฟังก์ชันที่ต้องการ ------------
1.อ่านข้อมูลการซื้อ
2.บันทึกข้อมูลการซื้อ (สร้างไฟล์ใหม่)
3.เพิ่มข้อมูลการซื้อ (ในไฟล์ที่มีอยู่)
4.ค้นหาข้อมูลการซื้อ
5.อัพเดตข้อมูลการซื้อ
6.ลบข้อมูลการซื้อ
7.ออกจากโปรแกรม
8.Unit Test
9.End-to-End Test
เลือกฟังก์ชันโดยตัวเลข 1-9 : --------------------------------------------
โปรดเลือกไฟล์ที่ต้องการ
1.e2e_test.csv
2.Food-and-Drink-sale-data-management.csv
--------------------------------------------
เลือกโดยใช้ตัวเลขตามหัวข้อ : โปรดเลือกประเภทการค้นหา
1.ค้นหาด้วย ID
2.ค้นหาด้วยชื่อ
โปรดเลือกตัวเลือกตามหัวข้อ : โปรดใส่ "ชื่อ" หรือ "ประเภท" ที่ต้องการค้นหา : --------------------------------------------

OrderID                        ProductName                    Quantity                       Price                          Type                           
===========================================================================================================================================================
|0001                          |Espresso                      |12                            |55                            |Drink                         |
===========================================================================================================================================================
เจอสินค้า 1 อย่างจากคำค้นหา Espresso
--------------------------------------------

กด Enter เพื่อกลับไปที่เมนูหลัก...

     ระบบจัดการข้อมูลการซื้ออาหารและเครื่องดื่ม
------------ โปรดเลือกฟังก์ชันที่ต้องการ ------------
1.อ่านข้อมูลการซื้อ
2.บันทึกข้อมูลการซื้อ (สร้างไฟล์ใหม่)
3.เพิ่มข้อมูลการซื้อ (ในไฟล์ที่มีอยู่)
4.ค้นหาข้อมูลการซื้อ
5.อัพเดตข้อมูลการซื้อ
6.ลบข้อมูลการซื้อ
7.ออกจากโปรแกรม
8.Unit Test
9.End-to-End Test
เลือกฟังก์ชันโดยตัวเลข 1-9 : --------------------------------------------
โปรดเลือกไฟล์ที่ต้องการ
1.e2e_test.csv
2.Food-and-Drink-sale-data-management.csv
--------------------------------------------
เลือกโดยใช้ตัวเลขตามหัวข้อ : OrderID                        ProductName                    Quantity                       Price                          Type                           
===========================================================================================================================================================
|0001                          |Espresso                      |12                            |55                            |Drink                         |
|0002                          |Latte                         |5                             |60                            |Drink                         |
===========================================================================================================================================================
โปรดระบุ ID ของรายการที่ต้องการลบ: --------------------------------------------
ลบข้อมูลของ ID : 2 เรียบร้อย
--------------------------------------------
--------------------------------------------

กด Enter เพื่อกลับไปที่เมนูหลัก...

     ระบบจัดการข้อมูลการซื้ออาหารและเครื่องดื่ม
------------ โปรดเลือกฟังก์ชันที่ต้องการ ------------
1.อ่านข้อมูลการซื้อ
2.บันทึกข้อมูลการซื้อ (สร้างไฟล์ใหม่)
3.เพิ่มข้อมูลการซื้อ (ในไฟล์ที่มีอยู่)
4.ค้นหาข้อมูลการซื้อ
5.อัพเดตข้อมูลการซื้อ
6.ลบข้อมูลการซื้อ
7.ออกจากโปรแกรม
8.Unit Test
9.End-to-End Test
เลือกฟังก์ชันโดยตัวเลข 1-9 : --------------------------------------------
จบการทำงานของโปรแกรม
--------------------------------------------


